info: [Deri] 2 retryables found for Deri chain. Checking their status:

Arbtxhash: https://arbiscan.io/tx/0x49196afe9792981c6f4b014481dba1633a2bd3ab8246a1cd4f0518856ecf829b
info: [Deri] 1. REDEEMED:
OrbitTxHash: https://explorer-dchain.deri.io/tx/0xa1d600d5a96b64ddd64c59dadbd635c77da5b4df70353d14fe9630f9d586b468
info: [Deri] 2. REDEEMED:
OrbitTxHash: https://explorer-dchain.deri.io/tx/0x45788d7264515863e1810764c4d009691d7b9ebf411a34221d6fcfc055fbbbaa
info: [Deri] 4 retryables found for Deri chain. Checking their status:

Arbtxhash: https://arbiscan.io/tx/0xe990d31adc1e6a63f0430d8b4cf96820c96a95c46645be8e25e878a1cfaabc84
info: [Deri] 1. REDEEMED:
OrbitTxHash: https://explorer-dchain.deri.io/tx/0x76dc72e47cfa5d0190cec1f6517bd7202e9f8d020635bb9c9e0105e93ffc3f03
info: [Deri] 2. REDEEMED:
OrbitTxHash: https://explorer-dchain.deri.io/tx/0x71c92faa6e617d8c148adb6dd36566bdf4dd67cb9933c4ac1f4af6629000182b
info: [Deri] 3. REDEEMED:
OrbitTxHash: https://explorer-dchain.deri.io/tx/0x8a10408416e2e7db5140dd73d84cf9db619bccdf7129b47ad4e9c0593bb8d71b
info: [Deri] 4. REDEEMED:
OrbitTxHash: https://explorer-dchain.deri.io/tx/0xda1149d3ec7ef8397104b2b827d70e8abaf1f012f3b1b873398ba9514b644b0b
info: [Xai] 4 retryables found for Xai chain. Checking their status:

Arbtxhash: https://arbiscan.io/tx/0x1cd430cbcb2d7fcf7308ac395af0f71e585401bbcd7fe5f26b7439d7426f72ae
info: [Xai] 1. REDEEMED:
OrbitTxHash: https://explorer.xai-chain.net/tx/0x0a7a7b295f9f0fb97381512809ad3e8c737e4a0cdbd669a9eaf7655ae9b63dbc
info: [Xai] 2. REDEEMED:
OrbitTxHash: https://explorer.xai-chain.net/tx/0x4996b142d1e5f1d2404a95979747b1b7f10623e1481add5a7289db5b1d540ea5
info: [Xai] 3. REDEEMED:
OrbitTxHash: https://explorer.xai-chain.net/tx/0x80d6148e5e23220044c727e2ea447c4c46b5c590fcf06adc401c20ad6b512940
info: [Xai] 4. REDEEMED:
OrbitTxHash: https://explorer.xai-chain.net/tx/0x06a5f68285e8e8fc5d0c9c18df13bb607f992752b49dded69acd7226e533f418
info: [Xai] 2 retryables found for Xai chain. Checking their status:

Arbtxhash: https://arbiscan.io/tx/0x95b16bf92d7d8be9f95d0b1c9080f1b7ced6fe028b8db3aef5d5ebfadd330ea4
info: [Xai] 1. REDEEMED:
OrbitTxHash: https://explorer.xai-chain.net/tx/0xefc80901d5f78d96e0b7b9072edcfa89fea384603c60506940fec4939ccf13be
info: [Xai] 2. REDEEMED:
OrbitTxHash: https://explorer.xai-chain.net/tx/0xa1b05ba3390906c58607f42159436dd51b36e77eba7ef6f2895107226343ced2
